[2014-04-29 12:24:36,557][INFO ][node                     ] [master.01] version[1.1.0], pid[63031], build[2181e11/2014-03-25T15:59:51Z]
[2014-04-29 12:24:36,558][INFO ][node                     ] [master.01] initializing ...
[2014-04-29 12:24:36,616][INFO ][plugins                  ] [master.01] loaded [transport-thrift, analysis-mmseg], sites [bigdesk]
[2014-04-29 12:24:40,293][INFO ][node                     ] [master.01] initialized
[2014-04-29 12:24:40,293][INFO ][node                     ] [master.01] starting ...
[2014-04-29 12:24:40,327][INFO ][thrift                   ] [master.01] bound on port [9500]
[2014-04-29 12:24:40,453][INFO ][transport                ] [master.01] bound_address {inet[/0:0:0:0:0:0:0:0:9900]}, publish_address {inet[/192.168.74.122:9900]}
[2014-04-29 12:24:43,498][INFO ][cluster.service          ] [master.01] new_master [master.01][VeWRvqyrQnevOUlPvGjkqw][code][inet[/192.168.74.122:9900]]{master=true}, reason: zen-disco-join (elected_as_master)
[2014-04-29 12:24:43,532][INFO ][discovery                ] [master.01] buzzreader/VeWRvqyrQnevOUlPvGjkqw
[2014-04-29 12:24:43,554][INFO ][http                     ] [master.01] bound_address {inet[/0:0:0:0:0:0:0:0:9800]}, publish_address {inet[/192.168.74.122:9800]}
[2014-04-29 12:24:43,579][INFO ][gateway                  ] [master.01] recovered [0] indices into cluster_state
[2014-04-29 12:24:43,580][INFO ][node                     ] [master.01] started
[2014-04-29 12:25:12,876][INFO ][node                     ] [master.01] stopping ...
[2014-04-29 12:25:12,894][INFO ][node                     ] [master.01] stopped
[2014-04-29 12:25:12,894][INFO ][node                     ] [master.01] closing ...
[2014-04-29 12:25:12,902][INFO ][node                     ] [master.01] closed
[2014-04-29 12:27:11,037][INFO ][node                     ] [master.01] version[1.1.0], pid[63154], build[2181e11/2014-03-25T15:59:51Z]
[2014-04-29 12:27:11,037][INFO ][node                     ] [master.01] initializing ...
[2014-04-29 12:27:11,084][INFO ][plugins                  ] [master.01] loaded [transport-thrift, analysis-mmseg], sites [bigdesk]
[2014-04-29 12:27:13,812][INFO ][node                     ] [master.01] initialized
[2014-04-29 12:27:13,812][INFO ][node                     ] [master.01] starting ...
[2014-04-29 12:27:13,832][INFO ][thrift                   ] [master.01] bound on port [9500]
[2014-04-29 12:27:13,910][INFO ][transport                ] [master.01] bound_address {inet[/0:0:0:0:0:0:0:0:9900]}, publish_address {inet[/192.168.74.122:9900]}
[2014-04-29 12:27:16,939][INFO ][cluster.service          ] [master.01] new_master [master.01][UcxmNK5tTXaGeDXTWg2JgA][code][inet[/192.168.74.122:9900]]{master=true}, reason: zen-disco-join (elected_as_master)
[2014-04-29 12:27:16,982][INFO ][discovery                ] [master.01] buzzreader/UcxmNK5tTXaGeDXTWg2JgA
[2014-04-29 12:27:17,002][INFO ][http                     ] [master.01] bound_address {inet[/0:0:0:0:0:0:0:0:9800]}, publish_address {inet[/192.168.74.122:9800]}
[2014-04-29 12:27:17,022][INFO ][gateway                  ] [master.01] recovered [0] indices into cluster_state
[2014-04-29 12:27:17,023][INFO ][node                     ] [master.01] started
[2014-04-29 12:27:36,601][INFO ][node                     ] [master.01] stopping ...
[2014-04-29 12:27:36,619][INFO ][node                     ] [master.01] stopped
[2014-04-29 12:27:36,619][INFO ][node                     ] [master.01] closing ...
[2014-04-29 12:27:36,628][INFO ][node                     ] [master.01] closed
